time="2023-08-28T17:31:36+03:00" level=info msg="start localhost:8080" func="main.main()" file="app.go:15"
time="2023-08-28T17:31:36+03:00" level=info msg="register user handler" func="main.main()" file="app.go:18"
time="2023-08-28T17:36:34+03:00" level=info msg="start localhost:8080" func="main.main()" file="app.go:15"
time="2023-08-28T17:36:34+03:00" level=info msg="register user handler" func="main.main()" file="app.go:18"
time="2023-08-28T17:40:06+03:00" level=info msg="start localhost:8080" func="main.main()" file="app.go:14"
time="2023-08-28T17:40:06+03:00" level=info msg="register user handler" func="main.main()" file="app.go:17"
time="2023-08-29T14:27:58+03:00" level=info msg="start localhost:8080" func="main.main()" file="app.go:19"
time="2023-08-29T14:27:58+03:00" level=info msg="read .yam file" func="RestApi/interal/config.GetConfig.func1()" file="config.go:24"
time="2023-08-29T14:27:58+03:00" level=info func="RestApi/interal/config.GetConfig.func1()" file="config.go:28"
time="2023-08-29T14:27:58+03:00" level=fatal msg="open config.yam: no such file or directory" func="RestApi/interal/config.GetConfig.func1()" file="config.go:29"
time="2023-08-29T14:28:58+03:00" level=info msg="start localhost:8080" func="main.main()" file="app.go:19"
time="2023-08-29T14:28:58+03:00" level=info msg="read .yam file" func="RestApi/interal/config.GetConfig.func1()" file="config.go:24"
time="2023-08-29T14:28:58+03:00" level=info func="RestApi/interal/config.GetConfig.func1()" file="config.go:28"
time="2023-08-29T14:28:58+03:00" level=fatal msg="open config.yml: no such file or directory" func="RestApi/interal/config.GetConfig.func1()" file="config.go:29"
time="2023-08-29T14:33:46+03:00" level=info msg="start localhost:8080" func="main.main()" file="app.go:19"
time="2023-08-29T14:33:46+03:00" level=info msg="read .yml file" func="RestApi/interal/config.GetConfig.func1()" file="config.go:24"
time="2023-08-29T14:33:46+03:00" level=info msg="register user handler" func="main.main()" file="app.go:24"
time="2023-08-29T14:33:46+03:00" level=info msg="listen tcp" func="main.run()" file="app.go:50"
time="2023-08-29T14:34:59+03:00" level=info msg="start localhost:8080" func="main.main()" file="app.go:19"
time="2023-08-29T14:34:59+03:00" level=info msg="read .yml file" func="RestApi/interal/config.GetConfig.func1()" file="config.go:24"
time="2023-08-29T14:34:59+03:00" level=info msg="register user handler" func="main.main()" file="app.go:24"
time="2023-08-29T14:34:59+03:00" level=info msg="listen tcp" func="main.run()" file="app.go:50"
time="2023-08-29T14:34:59+03:00" level=info msg="server is listening port 0.0.0.0:10000" func="main.run()" file="app.go:52"
